Release 14.4 - xst P.49d (nt64)
Copyright (c) 1995-2012 Xilinx, Inc.  All rights reserved.
--> Parameter TMPDIR set to xst/projnav.tmp


Total REAL time to Xst completion: 0.00 secs
Total CPU time to Xst completion: 0.07 secs
 
--> Parameter xsthdpdir set to xst


Total REAL time to Xst completion: 0.00 secs
Total CPU time to Xst completion: 0.07 secs
 
--> Reading design: InstManagerV2.prj

TABLE OF CONTENTS
  1) Synthesis Options Summary
  2) HDL Parsing
  3) HDL Elaboration
  4) HDL Synthesis
       4.1) HDL Synthesis Report
  5) Advanced HDL Synthesis
       5.1) Advanced HDL Synthesis Report
  6) Low Level Synthesis
  7) Partition Report
  8) Design Summary
       8.1) Primitive and Black Box Usage
       8.2) Device utilization summary
       8.3) Partition Resource Summary
       8.4) Timing Report
            8.4.1) Clock Information
            8.4.2) Asynchronous Control Signals Information
            8.4.3) Timing Summary
            8.4.4) Timing Details
            8.4.5) Cross Clock Domains Report


=========================================================================
*                      Synthesis Options Summary                        *
=========================================================================
---- Source Parameters
Input File Name                    : "InstManagerV2.prj"
Ignore Synthesis Constraint File   : NO

---- Target Parameters
Output File Name                   : "InstManagerV2"
Output Format                      : NGC
Target Device                      : xc6slx16-3-csg324

---- Source Options
Top Module Name                    : InstManagerV2
Automatic FSM Extraction           : YES
FSM Encoding Algorithm             : Auto
Safe Implementation                : No
FSM Style                          : LUT
RAM Extraction                     : Yes
RAM Style                          : Auto
ROM Extraction                     : Yes
Shift Register Extraction          : YES
ROM Style                          : Auto
Resource Sharing                   : YES
Asynchronous To Synchronous        : NO
Shift Register Minimum Size        : 2
Use DSP Block                      : Auto
Automatic Register Balancing       : No

---- Target Options
LUT Combining                      : Auto
Reduce Control Sets                : Auto
Add IO Buffers                     : YES
Global Maximum Fanout              : 100000
Add Generic Clock Buffer(BUFG)     : 16
Register Duplication               : YES
Optimize Instantiated Primitives   : NO
Use Clock Enable                   : Auto
Use Synchronous Set                : Auto
Use Synchronous Reset              : Auto
Pack IO Registers into IOBs        : Auto
Equivalent register Removal        : YES

---- General Options
Optimization Goal                  : Speed
Optimization Effort                : 1
Power Reduction                    : NO
Keep Hierarchy                     : No
Netlist Hierarchy                  : As_Optimized
RTL Output                         : Yes
Global Optimization                : AllClockNets
Read Cores                         : YES
Write Timing Constraints           : NO
Cross Clock Analysis               : NO
Hierarchy Separator                : /
Bus Delimiter                      : <>
Case Specifier                     : Maintain
Slice Utilization Ratio            : 100
BRAM Utilization Ratio             : 100
DSP48 Utilization Ratio            : 100
Auto BRAM Packing                  : NO
Slice Utilization Ratio Delta      : 5

=========================================================================


=========================================================================
*                          HDL Parsing                                  *
=========================================================================
Parsing VHDL file "E:\CPU\RTL\PANZER16\Register_2Bit.vhd" into library work
Parsing entity <Register_2Bit>.
Parsing architecture <Behavioral> of entity <register_2bit>.
Parsing VHDL file "E:\CPU\RTL\PANZER16\Register_16Bit.vhd" into library work
Parsing entity <Register_16Bit>.
Parsing architecture <RegisterArch> of entity <register_16bit>.
Parsing VHDL file "E:\CPU\RTL\PANZER16\Mux16_4.vhd" into library work
Parsing entity <Mux16_4>.
Parsing architecture <Behavioral> of entity <mux16_4>.
Parsing VHDL file "E:\CPU\RTL\PANZER16\Mux16-2.vhd" into library work
Parsing entity <Mux16_2>.
Parsing architecture <MuxArch> of entity <mux16_2>.
Parsing VHDL file "E:\CPU\RTL\PANZER16\Incrementer2Bit_WithCarry.vhd" into library work
Parsing entity <Incrementer2Bit_WithCarry>.
Parsing architecture <Behavioral> of entity <incrementer2bit_withcarry>.
Parsing VHDL file "E:\CPU\RTL\PANZER16\Incrementer.vhd" into library work
Parsing entity <Incrementer>.
Parsing architecture <Behavioral> of entity <incrementer>.
Parsing VHDL file "E:\CPU\RTL\PANZER16\Comparer2Bit.vhd" into library work
Parsing entity <Comparer2Bit>.
Parsing architecture <Behavioral> of entity <comparer2bit>.
Parsing VHDL file "E:\CPU\RTL\PANZER16\InstManagerV2.vhd" into library work
Parsing entity <InstManagerV2>.
Parsing architecture <Behavioral> of entity <instmanagerv2>.

=========================================================================
*                            HDL Elaboration                            *
=========================================================================

Elaborating entity <InstManagerV2> (architecture <Behavioral>) from library <work>.

Elaborating entity <Register_16Bit> (architecture <RegisterArch>) from library <work>.

Elaborating entity <Mux16_4> (architecture <Behavioral>) from library <work>.
WARNING:HDLCompiler:89 - "E:\CPU\RTL\PANZER16\InstManagerV2.vhd" Line 91: <demux1_4> remains a black-box since it has no binding entity.

Elaborating entity <Incrementer> (architecture <Behavioral>) from library <work>.

Elaborating entity <Mux16_2> (architecture <MuxArch>) from library <work>.

Elaborating entity <Register_2Bit> (architecture <Behavioral>) from library <work>.

Elaborating entity <Incrementer2Bit_WithCarry> (architecture <Behavioral>) from library <work>.

Elaborating entity <Comparer2Bit> (architecture <Behavioral>) from library <work>.
WARNING:HDLCompiler:1127 - "E:\CPU\RTL\PANZER16\InstManagerV2.vhd" Line 135: Assignment to full ignored, since the identifier is never used
WARNING:HDLCompiler:634 - "E:\CPU\RTL\PANZER16\InstManagerV2.vhd" Line 107: Net <InPointerInput[1]> does not have a driver.
WARNING:HDLCompiler:634 - "E:\CPU\RTL\PANZER16\InstManagerV2.vhd" Line 110: Net <RegAdressSelect> does not have a driver.
WARNING:HDLCompiler:634 - "E:\CPU\RTL\PANZER16\InstManagerV2.vhd" Line 111: Net <SelInPointerInc> does not have a driver.
WARNING:HDLCompiler:634 - "E:\CPU\RTL\PANZER16\InstManagerV2.vhd" Line 116: Net <EnableCachReg> does not have a driver.
WARNING:Xst:2972 - "E:\CPU\RTL\PANZER16\InstManagerV2.vhd" line 123. All outputs of instance <AdressRegister> of block <Register_16Bit> are unconnected in block <InstManagerV2>. Underlying logic will be removed.
WARNING:Xst:2972 - "E:\CPU\RTL\PANZER16\InstManagerV2.vhd" line 124. All outputs of instance <AdressIncrement> of block <Incrementer> are unconnected in block <InstManagerV2>. Underlying logic will be removed.
WARNING:Xst:2972 - "E:\CPU\RTL\PANZER16\InstManagerV2.vhd" line 125. All outputs of instance <TempAdressRegister> of block <Register_16Bit> are unconnected in block <InstManagerV2>. Underlying logic will be removed.
WARNING:Xst:2972 - "E:\CPU\RTL\PANZER16\InstManagerV2.vhd" line 126. All outputs of instance <AdressRegInputMux> of block <Mux16_2> are unconnected in block <InstManagerV2>. Underlying logic will be removed.

=========================================================================
*                           HDL Synthesis                               *
=========================================================================

Synthesizing Unit <InstManagerV2>.
    Related source file is "E:\CPU\RTL\PANZER16\InstManagerV2.vhd".
WARNING:Xst:647 - Input <PReady> is never used. This port will be preserved and left unconnected if it belongs to a top-level block or it belongs to a sub-block and the hierarchy of this sub-block is preserved.
INFO:Xst:3210 - "E:\CPU\RTL\PANZER16\InstManagerV2.vhd" line 129: Output port <DataOut> of the instance <InPointerInc> is unconnected or connected to loadless signal.
INFO:Xst:3210 - "E:\CPU\RTL\PANZER16\InstManagerV2.vhd" line 130: Output port <DataOut> of the instance <OutPointerInc> is unconnected or connected to loadless signal.
WARNING:Xst:653 - Signal <InPointerInput> is used but never assigned. This sourceless signal will be automatically connected to value GND.
WARNING:Xst:653 - Signal <OutPointerInput> is used but never assigned. This sourceless signal will be automatically connected to value GND.
WARNING:Xst:653 - Signal <RegAdressSelect> is used but never assigned. This sourceless signal will be automatically connected to value GND.
WARNING:Xst:653 - Signal <RegAdressIncrement> is used but never assigned. This sourceless signal will be automatically connected to value GND.
WARNING:Xst:653 - Signal <RegInPointerSelect> is used but never assigned. This sourceless signal will be automatically connected to value GND.
WARNING:Xst:653 - Signal <SelInPointerInc> is used but never assigned. This sourceless signal will be automatically connected to value GND.
WARNING:Xst:653 - Signal <EnableCachReg> is used but never assigned. This sourceless signal will be automatically connected to value GND.
    Found 1-bit register for signal <SelOutPointerInc>.
    Found 1-bit register for signal <OutCarry>.
    Found 1-bit register for signal <ProcessRequest>.
    Found 1-bit register for signal <RegOutPointerSelect>.
    Found 1-bit register for signal <SetRequest>.
    Found 1-bit register for signal <InCarry>.
    Summary:
	inferred   6 D-type flip-flop(s).
	inferred   3 Multiplexer(s).
Unit <InstManagerV2> synthesized.

Synthesizing Unit <Register_16Bit>.
    Related source file is "E:\CPU\RTL\PANZER16\Register_16Bit.vhd".
    Found 16-bit register for signal <dout>.
    Summary:
	inferred  16 D-type flip-flop(s).
Unit <Register_16Bit> synthesized.

Synthesizing Unit <Mux16_4>.
    Related source file is "E:\CPU\RTL\PANZER16\Mux16_4.vhd".
    Found 16-bit 4-to-1 multiplexer for signal <OutPut> created at line 32.
    Summary:
	inferred   1 Multiplexer(s).
Unit <Mux16_4> synthesized.

Synthesizing Unit <Register_2Bit>.
    Related source file is "E:\CPU\RTL\PANZER16\Register_2Bit.vhd".
    Found 2-bit register for signal <dout>.
    Summary:
	inferred   2 D-type flip-flop(s).
Unit <Register_2Bit> synthesized.

Synthesizing Unit <Incrementer2Bit_WithCarry>.
    Related source file is "E:\CPU\RTL\PANZER16\Incrementer2Bit_WithCarry.vhd".
    Found 3-bit register for signal <dout>.
    Found 3-bit adder for signal <GND_42_o_GND_42_o_add_1_OUT> created at line 1241.
    Summary:
	inferred   1 Adder/Subtractor(s).
	inferred   3 D-type flip-flop(s).
Unit <Incrementer2Bit_WithCarry> synthesized.

Synthesizing Unit <Comparer2Bit>.
    Related source file is "E:\CPU\RTL\PANZER16\Comparer2Bit.vhd".
    Found 2-bit comparator greater for signal <Greater> created at line 41
    Summary:
	inferred   1 Comparator(s).
Unit <Comparer2Bit> synthesized.

=========================================================================
HDL Synthesis Report

Macro Statistics
# Adders/Subtractors                                   : 2
 3-bit adder                                           : 2
# Registers                                            : 14
 1-bit register                                        : 6
 16-bit register                                       : 4
 2-bit register                                        : 2
 3-bit register                                        : 2
# Comparators                                          : 1
 2-bit comparator greater                              : 1
# Multiplexers                                         : 4
 1-bit 2-to-1 multiplexer                              : 3
 16-bit 4-to-1 multiplexer                             : 1
# Xors                                                 : 1
 1-bit xor2                                            : 1

=========================================================================

=========================================================================
*                       Advanced HDL Synthesis                          *
=========================================================================

WARNING:Xst:1710 - FF/Latch <dout_0> (without init value) has a constant value of 0 in block <InPointer>. This FF/Latch will be trimmed during the optimization process.
WARNING:Xst:1710 - FF/Latch <dout_1> (without init value) has a constant value of 0 in block <InPointer>. This FF/Latch will be trimmed during the optimization process.
WARNING:Xst:1710 - FF/Latch <dout_0> (without init value) has a constant value of 0 in block <OutPointer>. This FF/Latch will be trimmed during the optimization process.
WARNING:Xst:1710 - FF/Latch <dout_1> (without init value) has a constant value of 0 in block <OutPointer>. This FF/Latch will be trimmed during the optimization process.
WARNING:Xst:1293 - FF/Latch <dout_2> has a constant value of 0 in block <InPointerInc>. This FF/Latch will be trimmed during the optimization process.
WARNING:Xst:1895 - Due to other FF/Latch trimming, FF/Latch <InCarry> (without init value) has a constant value of 0 in block <InstManagerV2>. This FF/Latch will be trimmed during the optimization process.
WARNING:Xst:2677 - Node <dout_0> of sequential type is unconnected in block <InPointerInc>.
WARNING:Xst:2677 - Node <dout_1> of sequential type is unconnected in block <InPointerInc>.
WARNING:Xst:2677 - Node <dout_0> of sequential type is unconnected in block <OutPointerInc>.
WARNING:Xst:2677 - Node <dout_1> of sequential type is unconnected in block <OutPointerInc>.
WARNING:Xst:1898 - Due to constant pushing, FF/Latch <RegOutPointerSelect> is unconnected in block <InstManagerV2>.

=========================================================================
Advanced HDL Synthesis Report

Macro Statistics
# Adders/Subtractors                                   : 2
 3-bit adder                                           : 2
# Registers                                            : 80
 Flip-Flops                                            : 80
# Comparators                                          : 1
 2-bit comparator greater                              : 1
# Multiplexers                                         : 4
 1-bit 2-to-1 multiplexer                              : 3
 16-bit 4-to-1 multiplexer                             : 1
# Xors                                                 : 1
 1-bit xor2                                            : 1

=========================================================================

=========================================================================
*                         Low Level Synthesis                           *
=========================================================================
INFO:Xst:2261 - The FF/Latch <InPointer/dout_1> in Unit <InstManagerV2> is equivalent to the following FF/Latch, which will be removed : <InPointer/dout_0> 
INFO:Xst:2261 - The FF/Latch <OutPointer/dout_1> in Unit <InstManagerV2> is equivalent to the following FF/Latch, which will be removed : <OutPointer/dout_0> 
WARNING:Xst:1710 - FF/Latch <OutPointer/dout_1> (without init value) has a constant value of 0 in block <InstManagerV2>. This FF/Latch will be trimmed during the optimization process.
WARNING:Xst:1895 - Due to other FF/Latch trimming, FF/Latch <InPointer/dout_1> (without init value) has a constant value of 0 in block <InstManagerV2>. This FF/Latch will be trimmed during the optimization process.
WARNING:Xst:1896 - Due to other FF/Latch trimming, FF/Latch <InPointerInc/dout_2> has a constant value of 0 in block <InstManagerV2>. This FF/Latch will be trimmed during the optimization process.
WARNING:Xst:1895 - Due to other FF/Latch trimming, FF/Latch <InCarry> (without init value) has a constant value of 0 in block <InstManagerV2>. This FF/Latch will be trimmed during the optimization process.
WARNING:Xst:2677 - Node <OutPointerInc/dout_1> of sequential type is unconnected in block <InstManagerV2>.
WARNING:Xst:2677 - Node <OutPointerInc/dout_0> of sequential type is unconnected in block <InstManagerV2>.
WARNING:Xst:2677 - Node <InPointerInc/dout_1> of sequential type is unconnected in block <InstManagerV2>.
WARNING:Xst:2677 - Node <InPointerInc/dout_0> of sequential type is unconnected in block <InstManagerV2>.
WARNING:Xst:1898 - Due to constant pushing, FF/Latch <RegOutPointerSelect> is unconnected in block <InstManagerV2>.
WARNING:Xst:1293 - FF/Latch <OutPointerInc/dout_2> has a constant value of 0 in block <InstManagerV2>. This FF/Latch will be trimmed during the optimization process.
WARNING:Xst:1895 - Due to other FF/Latch trimming, FF/Latch <OutCarry> (without init value) has a constant value of 0 in block <InstManagerV2>. This FF/Latch will be trimmed during the optimization process.
WARNING:Xst:2677 - Node <internalReg[3].reg/dout_15> of sequential type is unconnected in block <InstManagerV2>.
WARNING:Xst:2677 - Node <internalReg[3].reg/dout_14> of sequential type is unconnected in block <InstManagerV2>.
WARNING:Xst:2677 - Node <internalReg[3].reg/dout_13> of sequential type is unconnected in block <InstManagerV2>.
WARNING:Xst:2677 - Node <internalReg[3].reg/dout_12> of sequential type is unconnected in block <InstManagerV2>.
WARNING:Xst:2677 - Node <internalReg[3].reg/dout_11> of sequential type is unconnected in block <InstManagerV2>.
WARNING:Xst:2677 - Node <internalReg[3].reg/dout_10> of sequential type is unconnected in block <InstManagerV2>.
WARNING:Xst:2677 - Node <internalReg[3].reg/dout_9> of sequential type is unconnected in block <InstManagerV2>.
WARNING:Xst:2677 - Node <internalReg[3].reg/dout_8> of sequential type is unconnected in block <InstManagerV2>.
WARNING:Xst:2677 - Node <internalReg[3].reg/dout_7> of sequential type is unconnected in block <InstManagerV2>.
WARNING:Xst:2677 - Node <internalReg[3].reg/dout_6> of sequential type is unconnected in block <InstManagerV2>.
WARNING:Xst:2677 - Node <internalReg[3].reg/dout_5> of sequential type is unconnected in block <InstManagerV2>.
WARNING:Xst:2677 - Node <internalReg[3].reg/dout_4> of sequential type is unconnected in block <InstManagerV2>.
WARNING:Xst:2677 - Node <internalReg[3].reg/dout_3> of sequential type is unconnected in block <InstManagerV2>.
WARNING:Xst:2677 - Node <internalReg[3].reg/dout_2> of sequential type is unconnected in block <InstManagerV2>.
WARNING:Xst:2677 - Node <internalReg[3].reg/dout_1> of sequential type is unconnected in block <InstManagerV2>.
WARNING:Xst:2677 - Node <internalReg[3].reg/dout_0> of sequential type is unconnected in block <InstManagerV2>.
WARNING:Xst:2677 - Node <internalReg[2].reg/dout_15> of sequential type is unconnected in block <InstManagerV2>.
WARNING:Xst:2677 - Node <internalReg[2].reg/dout_14> of sequential type is unconnected in block <InstManagerV2>.
WARNING:Xst:2677 - Node <internalReg[2].reg/dout_13> of sequential type is unconnected in block <InstManagerV2>.
WARNING:Xst:2677 - Node <internalReg[2].reg/dout_12> of sequential type is unconnected in block <InstManagerV2>.
WARNING:Xst:2677 - Node <internalReg[2].reg/dout_11> of sequential type is unconnected in block <InstManagerV2>.
WARNING:Xst:2677 - Node <internalReg[2].reg/dout_10> of sequential type is unconnected in block <InstManagerV2>.
WARNING:Xst:2677 - Node <internalReg[2].reg/dout_9> of sequential type is unconnected in block <InstManagerV2>.
WARNING:Xst:2677 - Node <internalReg[2].reg/dout_8> of sequential type is unconnected in block <InstManagerV2>.
WARNING:Xst:2677 - Node <internalReg[2].reg/dout_7> of sequential type is unconnected in block <InstManagerV2>.
WARNING:Xst:2677 - Node <internalReg[2].reg/dout_6> of sequential type is unconnected in block <InstManagerV2>.
WARNING:Xst:2677 - Node <internalReg[2].reg/dout_5> of sequential type is unconnected in block <InstManagerV2>.
WARNING:Xst:2677 - Node <internalReg[2].reg/dout_4> of sequential type is unconnected in block <InstManagerV2>.
WARNING:Xst:2677 - Node <internalReg[2].reg/dout_3> of sequential type is unconnected in block <InstManagerV2>.
WARNING:Xst:2677 - Node <internalReg[2].reg/dout_2> of sequential type is unconnected in block <InstManagerV2>.
WARNING:Xst:2677 - Node <internalReg[2].reg/dout_1> of sequential type is unconnected in block <InstManagerV2>.
WARNING:Xst:2677 - Node <internalReg[2].reg/dout_0> of sequential type is unconnected in block <InstManagerV2>.
WARNING:Xst:2677 - Node <internalReg[1].reg/dout_15> of sequential type is unconnected in block <InstManagerV2>.
WARNING:Xst:2677 - Node <internalReg[1].reg/dout_14> of sequential type is unconnected in block <InstManagerV2>.
WARNING:Xst:2677 - Node <internalReg[1].reg/dout_13> of sequential type is unconnected in block <InstManagerV2>.
WARNING:Xst:2677 - Node <internalReg[1].reg/dout_12> of sequential type is unconnected in block <InstManagerV2>.
WARNING:Xst:2677 - Node <internalReg[1].reg/dout_11> of sequential type is unconnected in block <InstManagerV2>.
WARNING:Xst:2677 - Node <internalReg[1].reg/dout_10> of sequential type is unconnected in block <InstManagerV2>.
WARNING:Xst:2677 - Node <internalReg[1].reg/dout_9> of sequential type is unconnected in block <InstManagerV2>.
WARNING:Xst:2677 - Node <internalReg[1].reg/dout_8> of sequential type is unconnected in block <InstManagerV2>.
WARNING:Xst:2677 - Node <internalReg[1].reg/dout_7> of sequential type is unconnected in block <InstManagerV2>.
WARNING:Xst:2677 - Node <internalReg[1].reg/dout_6> of sequential type is unconnected in block <InstManagerV2>.
WARNING:Xst:2677 - Node <internalReg[1].reg/dout_5> of sequential type is unconnected in block <InstManagerV2>.
WARNING:Xst:2677 - Node <internalReg[1].reg/dout_4> of sequential type is unconnected in block <InstManagerV2>.
WARNING:Xst:2677 - Node <internalReg[1].reg/dout_3> of sequential type is unconnected in block <InstManagerV2>.
WARNING:Xst:2677 - Node <internalReg[1].reg/dout_2> of sequential type is unconnected in block <InstManagerV2>.
WARNING:Xst:2677 - Node <internalReg[1].reg/dout_1> of sequential type is unconnected in block <InstManagerV2>.
WARNING:Xst:2677 - Node <internalReg[1].reg/dout_0> of sequential type is unconnected in block <InstManagerV2>.
WARNING:Xst:2677 - Node <ProcessRequest> of sequential type is unconnected in block <InstManagerV2>.
WARNING:Xst:2677 - Node <SetRequest> of sequential type is unconnected in block <InstManagerV2>.
WARNING:Xst:2677 - Node <SelOutPointerInc> of sequential type is unconnected in block <InstManagerV2>.

Optimizing unit <InstManagerV2> ...

Mapping all equations...
Building and optimizing final netlist ...
Found area constraint ratio of 100 (+ 5) on block InstManagerV2, actual ratio is 0.

Final Macro Processing ...

=========================================================================
Final Register Report

Macro Statistics
# Registers                                            : 16
 Flip-Flops                                            : 16

=========================================================================

=========================================================================
*                           Partition Report                            *
=========================================================================

Partition Implementation Status
-------------------------------

  No Partitions were found in this design.

-------------------------------

=========================================================================
*                            Design Summary                             *
=========================================================================

Top Level Output File Name         : InstManagerV2.ngc

Primitive and Black Box Usage:
------------------------------
# BELS                             : 2
#      GND                         : 1
#      VCC                         : 1
# FlipFlops/Latches                : 16
#      FDCE                        : 16
# Clock Buffers                    : 1
#      BUFGP                       : 1
# IO Buffers                       : 35
#      IBUF                        : 17
#      OBUF                        : 18
# Others                           : 1
#      DeMux1_4                    : 1

Device utilization summary:
---------------------------

Selected Device : 6slx16csg324-3 


Slice Logic Utilization: 

Slice Logic Distribution: 
 Number of LUT Flip Flop pairs used:      0
   Number with an unused Flip Flop:       0  out of      0         
   Number with an unused LUT:             0  out of      0         
   Number of fully used LUT-FF pairs:     0  out of      0         
   Number of unique control sets:         1

IO Utilization: 
 Number of IOs:                          73
 Number of bonded IOBs:                  36  out of    232    15%  
    IOB Flip Flops/Latches:              16

Specific Feature Utilization:
 Number of BUFG/BUFGCTRLs:                1  out of     16     6%  

---------------------------
Partition Resource Summary:
---------------------------

  No Partitions were found in this design.

---------------------------


=========================================================================
Timing Report

NOTE: THESE TIMING NUMBERS ARE ONLY A SYNTHESIS ESTIMATE.
      FOR ACCURATE TIMING INFORMATION PLEASE REFER TO THE TRACE REPORT
      GENERATED AFTER PLACE-and-ROUTE.

Clock Information:
------------------
-----------------------------------+------------------------+-------+
Clock Signal                       | Clock buffer(FF name)  | Load  |
-----------------------------------+------------------------+-------+
ClkIn                              | BUFGP                  | 16    |
-----------------------------------+------------------------+-------+

Asynchronous Control Signals Information:
----------------------------------------
No asynchronous control signals found in this design

Timing Summary:
---------------
Speed Grade: -3

   Minimum period: No path found
   Minimum input arrival time before clock: 2.656ns
   Maximum output required time after clock: 3.597ns
   Maximum combinational path delay: No path found

Timing Details:
---------------
All values displayed in nanoseconds (ns)

=========================================================================
Timing constraint: Default OFFSET IN BEFORE for Clock 'ClkIn'
  Total number of paths / destination ports: 48 / 48
-------------------------------------------------------------------------
Offset:              2.656ns (Levels of Logic = 1)
  Source:            RST (PAD)
  Destination:       internalReg[0].reg/dout_15 (FF)
  Destination Clock: ClkIn rising

  Data Path: RST to internalReg[0].reg/dout_15
                                Gate     Net
    Cell:in->out      fanout   Delay   Delay  Logical Name (Net Name)
    ----------------------------------------  ------------
     IBUF:I->O            16   1.222   1.004  RST_IBUF (RST_IBUF)
     FDCE:CLR                  0.430          internalReg[0].reg/dout_0
    ----------------------------------------
    Total                      2.656ns (1.652ns logic, 1.004ns route)
                                       (62.2% logic, 37.8% route)

=========================================================================
Timing constraint: Default OFFSET OUT AFTER for Clock 'ClkIn'
  Total number of paths / destination ports: 16 / 16
-------------------------------------------------------------------------
Offset:              3.597ns (Levels of Logic = 1)
  Source:            internalReg[0].reg/dout_15 (FF)
  Destination:       InstructionOut<15> (PAD)
  Source Clock:      ClkIn rising

  Data Path: internalReg[0].reg/dout_15 to InstructionOut<15>
                                Gate     Net
    Cell:in->out      fanout   Delay   Delay  Logical Name (Net Name)
    ----------------------------------------  ------------
     FDCE:C->Q             1   0.447   0.579  internalReg[0].reg/dout_15 (internalReg[0].reg/dout_15)
     OBUF:I->O                 2.571          InstructionOut_15_OBUF (InstructionOut<15>)
    ----------------------------------------
    Total                      3.597ns (3.018ns logic, 0.579ns route)
                                       (83.9% logic, 16.1% route)

=========================================================================

Cross Clock Domains Report:
--------------------------

=========================================================================


Total REAL time to Xst completion: 3.00 secs
Total CPU time to Xst completion: 3.34 secs
 
--> 

Total memory usage is 4484892 kilobytes

Number of errors   :    0 (   0 filtered)
Number of warnings :   91 (   0 filtered)
Number of infos    :    4 (   0 filtered)

