Release 14.4 Map P.49d (nt64)
Xilinx Mapping Report File for Design 'MainCPU'

Design Information
------------------
Command Line   : map -intstyle ise -p xc6slx16-csg324-3 -w -logic_opt off -ol
high -t 1 -xt 0 -register_duplication off -r 4 -global_opt off -mt off -ir off
-pr off -lc off -power off -o MainCPU_map.ncd MainCPU.ngd MainCPU.pcf 
Target Device  : xc6slx16
Target Package : csg324
Target Speed   : -3
Mapper Version : spartan6 -- $Revision: 1.55 $
Mapped Date    : Fri Jun 28 12:37:46 2024

Design Summary
--------------
Number of errors:      0
Number of warnings:    1
Slice Logic Utilization:
  Number of Slice Registers:                   563 out of  18,224    3%
    Number used as Flip Flops:                 559
    Number used as Latches:                      3
    Number used as Latch-thrus:                  0
    Number used as AND/OR logics:                1
  Number of Slice LUTs:                        618 out of   9,112    6%
    Number used as logic:                      604 out of   9,112    6%
      Number using O6 output only:             439
      Number using O5 output only:              42
      Number using O5 and O6:                  123
      Number used as ROM:                        0
    Number used as Memory:                       0 out of   2,176    0%
    Number used exclusively as route-thrus:     14
      Number with same-slice register load:     11
      Number with same-slice carry load:         3
      Number with other load:                    0

Slice Logic Distribution:
  Number of occupied Slices:                   220 out of   2,278    9%
  Number of MUXCYs used:                       100 out of   4,556    2%
  Number of LUT Flip Flop pairs used:          739
    Number with an unused Flip Flop:           247 out of     739   33%
    Number with an unused LUT:                 121 out of     739   16%
    Number of fully used LUT-FF pairs:         371 out of     739   50%
    Number of unique control sets:              45
    Number of slice register sites lost
      to control set restrictions:              70 out of  18,224    1%

  A LUT Flip Flop pair for this architecture represents one LUT paired with
  one Flip Flop within a slice.  A control set is a unique combination of
  clock, reset, set, and enable signals for a registered element.
  The Slice Logic Distribution report is not meaningful if the design is
  over-mapped for a non-slice resource or if Placement fails.

IO Utilization:
  Number of bonded IOBs:                        87 out of     232   37%

Specific Feature Utilization:
  Number of RAMB16BWERs:                         0 out of      32    0%
  Number of RAMB8BWERs:                          0 out of      64    0%
  Number of BUFIO2/BUFIO2_2CLKs:                 0 out of      32    0%
  Number of BUFIO2FB/BUFIO2FB_2CLKs:             0 out of      32    0%
  Number of BUFG/BUFGMUXs:                       1 out of      16    6%
    Number used as BUFGs:                        1
    Number used as BUFGMUX:                      0
  Number of DCM/DCM_CLKGENs:                     0 out of       4    0%
  Number of ILOGIC2/ISERDES2s:                   0 out of     248    0%
  Number of IODELAY2/IODRP2/IODRP2_MCBs:         0 out of     248    0%
  Number of OLOGIC2/OSERDES2s:                   0 out of     248    0%
  Number of BSCANs:                              0 out of       4    0%
  Number of BUFHs:                               0 out of     128    0%
  Number of BUFPLLs:                             0 out of       8    0%
  Number of BUFPLL_MCBs:                         0 out of       4    0%
  Number of DSP48A1s:                            1 out of      32    3%
  Number of ICAPs:                               0 out of       1    0%
  Number of MCBs:                                0 out of       2    0%
  Number of PCILOGICSEs:                         0 out of       2    0%
  Number of PLL_ADVs:                            0 out of       2    0%
  Number of PMVs:                                0 out of       1    0%
  Number of STARTUPs:                            0 out of       1    0%
  Number of SUSPEND_SYNCs:                       0 out of       1    0%

Average Fanout of Non-Clock Nets:                4.56

Peak Memory Usage:  4528 MB
Total REAL time to MAP completion:  15 secs 
Total CPU time to MAP completion:   14 secs 

Table of Contents
-----------------
Section 1 - Errors
Section 2 - Warnings
Section 3 - Informational
Section 4 - Removed Logic Summary
Section 5 - Removed Logic
Section 6 - IOB Properties
Section 7 - RPMs
Section 8 - Guide Report
Section 9 - Area Group and Partition Summary
Section 10 - Timing Report
Section 11 - Configuration String Information
Section 12 - Control Set Information
Section 13 - Utilization by Hierarchy

Section 1 - Errors
------------------

Section 2 - Warnings
--------------------
WARNING:PhysDesignRules:372 - Gated clock. Clock net
   CU/RegisterBankSelectMux/GND_121_o_GND_121_o_OR_269_o is sourced by a
   combinatorial pin. This is not good design practice. Use the CE pin to
   control the loading of data into the flip-flop.

Section 3 - Informational
-------------------------
INFO:MapLib:562 - No environment variables are currently set.
INFO:LIT:244 - All of the single ended outputs in this design are using slew
   rate limited output drivers. The delay on speed critical single ended outputs
   can be dramatically reduced by designating them as fast outputs.
INFO:Pack:1716 - Initializing temperature to 85.000 Celsius. (default - Range:
   0.000 to 85.000 Celsius)
INFO:Pack:1720 - Initializing voltage to 1.140 Volts. (default - Range: 1.140 to
   1.260 Volts)
INFO:Map:215 - The Interim Design Summary has been generated in the MAP Report
   (.mrp).
INFO:Pack:1650 - Map created a placed design.

Section 4 - Removed Logic Summary
---------------------------------
   2 block(s) optimized away

Section 5 - Removed Logic
-------------------------

Optimized Block(s):
TYPE 		BLOCK
GND 		XST_GND
VCC 		XST_VCC

To enable printing of redundant blocks removed and signals merged, set the
detailed map report option and rerun map.

Section 6 - IOB Properties
--------------------------

+---------------------------------------------------------------------------------------------------------------------------------------------------------+
| IOB Name                           | Type             | Direction | IO Standard          | Diff  | Drive    | Slew | Reg (s)      | Resistor | IOB      |
|                                    |                  |           |                      | Term  | Strength | Rate |              |          | Delay    |
+---------------------------------------------------------------------------------------------------------------------------------------------------------+
| Clk                                | IOB              | INPUT     | LVCMOS25             |       |          |      |              |          |          |
| DPAdressBus<0>                     | IOB              | OUTPUT    | LVCMOS25             |       | 12       | SLOW |              |          |          |
| DPAdressBus<1>                     | IOB              | OUTPUT    | LVCMOS25             |       | 12       | SLOW |              |          |          |
| DPAdressBus<2>                     | IOB              | OUTPUT    | LVCMOS25             |       | 12       | SLOW |              |          |          |
| DPAdressBus<3>                     | IOB              | OUTPUT    | LVCMOS25             |       | 12       | SLOW |              |          |          |
| DPAdressBus<4>                     | IOB              | OUTPUT    | LVCMOS25             |       | 12       | SLOW |              |          |          |
| DPAdressBus<5>                     | IOB              | OUTPUT    | LVCMOS25             |       | 12       | SLOW |              |          |          |
| DPAdressBus<6>                     | IOB              | OUTPUT    | LVCMOS25             |       | 12       | SLOW |              |          |          |
| DPAdressBus<7>                     | IOB              | OUTPUT    | LVCMOS25             |       | 12       | SLOW |              |          |          |
| DPAdressBus<8>                     | IOB              | OUTPUT    | LVCMOS25             |       | 12       | SLOW |              |          |          |
| DPAdressBus<9>                     | IOB              | OUTPUT    | LVCMOS25             |       | 12       | SLOW |              |          |          |
| DPAdressBus<10>                    | IOB              | OUTPUT    | LVCMOS25             |       | 12       | SLOW |              |          |          |
| DPAdressBus<11>                    | IOB              | OUTPUT    | LVCMOS25             |       | 12       | SLOW |              |          |          |
| DPAdressBus<12>                    | IOB              | OUTPUT    | LVCMOS25             |       | 12       | SLOW |              |          |          |
| DPAdressBus<13>                    | IOB              | OUTPUT    | LVCMOS25             |       | 12       | SLOW |              |          |          |
| DPAdressBus<14>                    | IOB              | OUTPUT    | LVCMOS25             |       | 12       | SLOW |              |          |          |
| DPAdressBus<15>                    | IOB              | OUTPUT    | LVCMOS25             |       | 12       | SLOW |              |          |          |
| DPReadBus<0>                       | IOB              | INPUT     | LVCMOS25             |       |          |      |              |          |          |
| DPReadBus<1>                       | IOB              | INPUT     | LVCMOS25             |       |          |      |              |          |          |
| DPReadBus<2>                       | IOB              | INPUT     | LVCMOS25             |       |          |      |              |          |          |
| DPReadBus<3>                       | IOB              | INPUT     | LVCMOS25             |       |          |      |              |          |          |
| DPReadBus<4>                       | IOB              | INPUT     | LVCMOS25             |       |          |      |              |          |          |
| DPReadBus<5>                       | IOB              | INPUT     | LVCMOS25             |       |          |      |              |          |          |
| DPReadBus<6>                       | IOB              | INPUT     | LVCMOS25             |       |          |      |              |          |          |
| DPReadBus<7>                       | IOB              | INPUT     | LVCMOS25             |       |          |      |              |          |          |
| DPReadBus<8>                       | IOB              | INPUT     | LVCMOS25             |       |          |      |              |          |          |
| DPReadBus<9>                       | IOB              | INPUT     | LVCMOS25             |       |          |      |              |          |          |
| DPReadBus<10>                      | IOB              | INPUT     | LVCMOS25             |       |          |      |              |          |          |
| DPReadBus<11>                      | IOB              | INPUT     | LVCMOS25             |       |          |      |              |          |          |
| DPReadBus<12>                      | IOB              | INPUT     | LVCMOS25             |       |          |      |              |          |          |
| DPReadBus<13>                      | IOB              | INPUT     | LVCMOS25             |       |          |      |              |          |          |
| DPReadBus<14>                      | IOB              | INPUT     | LVCMOS25             |       |          |      |              |          |          |
| DPReadBus<15>                      | IOB              | INPUT     | LVCMOS25             |       |          |      |              |          |          |
| DPReadWrite                        | IOB              | OUTPUT    | LVCMOS25             |       | 12       | SLOW |              |          |          |
| DPReady                            | IOB              | INPUT     | LVCMOS25             |       |          |      |              |          |          |
| DPTrans                            | IOB              | OUTPUT    | LVCMOS25             |       | 12       | SLOW |              |          |          |
| DPWriteBus<0>                      | IOB              | OUTPUT    | LVCMOS25             |       | 12       | SLOW |              |          |          |
| DPWriteBus<1>                      | IOB              | OUTPUT    | LVCMOS25             |       | 12       | SLOW |              |          |          |
| DPWriteBus<2>                      | IOB              | OUTPUT    | LVCMOS25             |       | 12       | SLOW |              |          |          |
| DPWriteBus<3>                      | IOB              | OUTPUT    | LVCMOS25             |       | 12       | SLOW |              |          |          |
| DPWriteBus<4>                      | IOB              | OUTPUT    | LVCMOS25             |       | 12       | SLOW |              |          |          |
| DPWriteBus<5>                      | IOB              | OUTPUT    | LVCMOS25             |       | 12       | SLOW |              |          |          |
| DPWriteBus<6>                      | IOB              | OUTPUT    | LVCMOS25             |       | 12       | SLOW |              |          |          |
| DPWriteBus<7>                      | IOB              | OUTPUT    | LVCMOS25             |       | 12       | SLOW |              |          |          |
| DPWriteBus<8>                      | IOB              | OUTPUT    | LVCMOS25             |       | 12       | SLOW |              |          |          |
| DPWriteBus<9>                      | IOB              | OUTPUT    | LVCMOS25             |       | 12       | SLOW |              |          |          |
| DPWriteBus<10>                     | IOB              | OUTPUT    | LVCMOS25             |       | 12       | SLOW |              |          |          |
| DPWriteBus<11>                     | IOB              | OUTPUT    | LVCMOS25             |       | 12       | SLOW |              |          |          |
| DPWriteBus<12>                     | IOB              | OUTPUT    | LVCMOS25             |       | 12       | SLOW |              |          |          |
| DPWriteBus<13>                     | IOB              | OUTPUT    | LVCMOS25             |       | 12       | SLOW |              |          |          |
| DPWriteBus<14>                     | IOB              | OUTPUT    | LVCMOS25             |       | 12       | SLOW |              |          |          |
| DPWriteBus<15>                     | IOB              | OUTPUT    | LVCMOS25             |       | 12       | SLOW |              |          |          |
| IPAdressBus<0>                     | IOB              | OUTPUT    | LVCMOS25             |       | 12       | SLOW |              |          |          |
| IPAdressBus<1>                     | IOB              | OUTPUT    | LVCMOS25             |       | 12       | SLOW |              |          |          |
| IPAdressBus<2>                     | IOB              | OUTPUT    | LVCMOS25             |       | 12       | SLOW |              |          |          |
| IPAdressBus<3>                     | IOB              | OUTPUT    | LVCMOS25             |       | 12       | SLOW |              |          |          |
| IPAdressBus<4>                     | IOB              | OUTPUT    | LVCMOS25             |       | 12       | SLOW |              |          |          |
| IPAdressBus<5>                     | IOB              | OUTPUT    | LVCMOS25             |       | 12       | SLOW |              |          |          |
| IPAdressBus<6>                     | IOB              | OUTPUT    | LVCMOS25             |       | 12       | SLOW |              |          |          |
| IPAdressBus<7>                     | IOB              | OUTPUT    | LVCMOS25             |       | 12       | SLOW |              |          |          |
| IPAdressBus<8>                     | IOB              | OUTPUT    | LVCMOS25             |       | 12       | SLOW |              |          |          |
| IPAdressBus<9>                     | IOB              | OUTPUT    | LVCMOS25             |       | 12       | SLOW |              |          |          |
| IPAdressBus<10>                    | IOB              | OUTPUT    | LVCMOS25             |       | 12       | SLOW |              |          |          |
| IPAdressBus<11>                    | IOB              | OUTPUT    | LVCMOS25             |       | 12       | SLOW |              |          |          |
| IPAdressBus<12>                    | IOB              | OUTPUT    | LVCMOS25             |       | 12       | SLOW |              |          |          |
| IPAdressBus<13>                    | IOB              | OUTPUT    | LVCMOS25             |       | 12       | SLOW |              |          |          |
| IPAdressBus<14>                    | IOB              | OUTPUT    | LVCMOS25             |       | 12       | SLOW |              |          |          |
| IPAdressBus<15>                    | IOB              | OUTPUT    | LVCMOS25             |       | 12       | SLOW |              |          |          |
| IPReadBus<0>                       | IOB              | INPUT     | LVCMOS25             |       |          |      |              |          |          |
| IPReadBus<1>                       | IOB              | INPUT     | LVCMOS25             |       |          |      |              |          |          |
| IPReadBus<2>                       | IOB              | INPUT     | LVCMOS25             |       |          |      |              |          |          |
| IPReadBus<3>                       | IOB              | INPUT     | LVCMOS25             |       |          |      |              |          |          |
| IPReadBus<4>                       | IOB              | INPUT     | LVCMOS25             |       |          |      |              |          |          |
| IPReadBus<5>                       | IOB              | INPUT     | LVCMOS25             |       |          |      |              |          |          |
| IPReadBus<6>                       | IOB              | INPUT     | LVCMOS25             |       |          |      |              |          |          |
| IPReadBus<7>                       | IOB              | INPUT     | LVCMOS25             |       |          |      |              |          |          |
| IPReadBus<8>                       | IOB              | INPUT     | LVCMOS25             |       |          |      |              |          |          |
| IPReadBus<9>                       | IOB              | INPUT     | LVCMOS25             |       |          |      |              |          |          |
| IPReadBus<10>                      | IOB              | INPUT     | LVCMOS25             |       |          |      |              |          |          |
| IPReadBus<11>                      | IOB              | INPUT     | LVCMOS25             |       |          |      |              |          |          |
| IPReadBus<12>                      | IOB              | INPUT     | LVCMOS25             |       |          |      |              |          |          |
| IPReadBus<13>                      | IOB              | INPUT     | LVCMOS25             |       |          |      |              |          |          |
| IPReadBus<14>                      | IOB              | INPUT     | LVCMOS25             |       |          |      |              |          |          |
| IPReadBus<15>                      | IOB              | INPUT     | LVCMOS25             |       |          |      |              |          |          |
| IPReady                            | IOB              | INPUT     | LVCMOS25             |       |          |      |              |          |          |
| IPTrans                            | IOB              | OUTPUT    | LVCMOS25             |       | 12       | SLOW |              |          |          |
| RST                                | IOB              | INPUT     | LVCMOS25             |       |          |      |              |          |          |
+---------------------------------------------------------------------------------------------------------------------------------------------------------+

Section 7 - RPMs
----------------

Section 8 - Guide Report
------------------------
Guide not run on this design.

Section 9 - Area Group and Partition Summary
--------------------------------------------

Partition Implementation Status
-------------------------------

  No Partitions were found in this design.

-------------------------------

Area Group Information
----------------------

  No area groups were found in this design.

----------------------

Section 10 - Timing Report
--------------------------
A logic-level (pre-route) timing report can be generated by using Xilinx static
timing analysis tools, Timing Analyzer (GUI) or TRCE (command line), with the
mapped NCD and PCF files. Please note that this timing report will be generated
using estimated delay information. For accurate numbers, please generate a
timing report with the post Place and Route NCD file.

For more information about the Timing Analyzer, consult the Xilinx Timing
Analyzer Reference Manual; for more information about TRCE, consult the Xilinx
Command Line Tools User Guide "TRACE" chapter.

Section 11 - Configuration String Details
-----------------------------------------
Use the "-detail" map option to print out Configuration Strings

Section 12 - Control Set Information
------------------------------------
Use the "-detail" map option to print out Control Set Information.

Section 13 - Utilization by Hierarchy
-------------------------------------
Use the "-detail" map option to print out the Utilization by Hierarchy section.
