Release 14.4 - xst P.49d (nt64)
Copyright (c) 1995-2012 Xilinx, Inc.  All rights reserved.
--> Parameter TMPDIR set to xst/projnav.tmp


Total REAL time to Xst completion: 0.00 secs
Total CPU time to Xst completion: 0.07 secs
 
--> Parameter xsthdpdir set to xst


Total REAL time to Xst completion: 0.00 secs
Total CPU time to Xst completion: 0.07 secs
 
--> Reading design: Mux3_3.prj

TABLE OF CONTENTS
  1) Synthesis Options Summary
  2) HDL Parsing
  3) HDL Elaboration
  4) HDL Synthesis
       4.1) HDL Synthesis Report
  5) Advanced HDL Synthesis
       5.1) Advanced HDL Synthesis Report
  6) Low Level Synthesis
  7) Partition Report
  8) Design Summary
       8.1) Primitive and Black Box Usage
       8.2) Device utilization summary
       8.3) Partition Resource Summary
       8.4) Timing Report
            8.4.1) Clock Information
            8.4.2) Asynchronous Control Signals Information
            8.4.3) Timing Summary
            8.4.4) Timing Details
            8.4.5) Cross Clock Domains Report


=========================================================================
*                      Synthesis Options Summary                        *
=========================================================================
---- Source Parameters
Input File Name                    : "Mux3_3.prj"
Ignore Synthesis Constraint File   : NO

---- Target Parameters
Output File Name                   : "Mux3_3"
Output Format                      : NGC
Target Device                      : xc6slx16-3-csg324

---- Source Options
Top Module Name                    : Mux3_3
Automatic FSM Extraction           : YES
FSM Encoding Algorithm             : Auto
Safe Implementation                : No
FSM Style                          : LUT
RAM Extraction                     : Yes
RAM Style                          : Auto
ROM Extraction                     : Yes
Shift Register Extraction          : YES
ROM Style                          : Auto
Resource Sharing                   : YES
Asynchronous To Synchronous        : NO
Shift Register Minimum Size        : 2
Use DSP Block                      : Auto
Automatic Register Balancing       : No

---- Target Options
LUT Combining                      : Auto
Reduce Control Sets                : Auto
Add IO Buffers                     : YES
Global Maximum Fanout              : 100000
Add Generic Clock Buffer(BUFG)     : 16
Register Duplication               : YES
Optimize Instantiated Primitives   : NO
Use Clock Enable                   : Auto
Use Synchronous Set                : Auto
Use Synchronous Reset              : Auto
Pack IO Registers into IOBs        : Auto
Equivalent register Removal        : YES

---- General Options
Optimization Goal                  : Speed
Optimization Effort                : 1
Power Reduction                    : NO
Keep Hierarchy                     : No
Netlist Hierarchy                  : As_Optimized
RTL Output                         : Yes
Global Optimization                : AllClockNets
Read Cores                         : YES
Write Timing Constraints           : NO
Cross Clock Analysis               : NO
Hierarchy Separator                : /
Bus Delimiter                      : <>
Case Specifier                     : Maintain
Slice Utilization Ratio            : 100
BRAM Utilization Ratio             : 100
DSP48 Utilization Ratio            : 100
Auto BRAM Packing                  : NO
Slice Utilization Ratio Delta      : 5

=========================================================================


=========================================================================
*                          HDL Parsing                                  *
=========================================================================
Parsing VHDL file "E:\CPU\RTL\PANZER16\Mux3_3.vhd" into library work
Parsing entity <Mux3_3>.
Parsing architecture <Behavioral> of entity <mux3_3>.

=========================================================================
*                            HDL Elaboration                            *
=========================================================================

Elaborating entity <Mux3_3> (architecture <Behavioral>) from library <work>.

=========================================================================
*                           HDL Synthesis                               *
=========================================================================

Synthesizing Unit <Mux3_3>.
    Related source file is "E:\CPU\RTL\PANZER16\Mux3_3.vhd".
    Found 1-bit 3-to-1 multiplexer for signal <OutPut[2]_Input1[2]_MUX_6_o> created at line 43.
    Found 1-bit 3-to-1 multiplexer for signal <OutPut[2]_Input1[1]_MUX_9_o> created at line 43.
    Found 1-bit 3-to-1 multiplexer for signal <OutPut[2]_Input1[0]_MUX_12_o> created at line 43.
WARNING:Xst:737 - Found 1-bit latch for signal <OutPut<1>>. Latches may be generated from incomplete case or if statements. We do not recommend the use of latches in FPGA/CPLD designs, as they may lead to timing problems.
WARNING:Xst:737 - Found 1-bit latch for signal <OutPut<0>>. Latches may be generated from incomplete case or if statements. We do not recommend the use of latches in FPGA/CPLD designs, as they may lead to timing problems.
WARNING:Xst:737 - Found 1-bit latch for signal <OutPut<2>>. Latches may be generated from incomplete case or if statements. We do not recommend the use of latches in FPGA/CPLD designs, as they may lead to timing problems.
    Summary:
	inferred   3 Latch(s).
	inferred   3 Multiplexer(s).
Unit <Mux3_3> synthesized.

=========================================================================
HDL Synthesis Report

Macro Statistics
# Latches                                              : 3
 1-bit latch                                           : 3
# Multiplexers                                         : 3
 1-bit 3-to-1 multiplexer                              : 3

=========================================================================

=========================================================================
*                       Advanced HDL Synthesis                          *
=========================================================================


=========================================================================
Advanced HDL Synthesis Report

Macro Statistics
# Multiplexers                                         : 3
 1-bit 3-to-1 multiplexer                              : 3

=========================================================================

=========================================================================
*                         Low Level Synthesis                           *
=========================================================================

Optimizing unit <Mux3_3> ...

Mapping all equations...
Building and optimizing final netlist ...
Found area constraint ratio of 100 (+ 5) on block Mux3_3, actual ratio is 0.

Final Macro Processing ...

=========================================================================
Final Register Report

Found no macro
=========================================================================

=========================================================================
*                           Partition Report                            *
=========================================================================

Partition Implementation Status
-------------------------------

  No Partitions were found in this design.

-------------------------------

=========================================================================
*                            Design Summary                             *
=========================================================================

Top Level Output File Name         : Mux3_3.ngc

Primitive and Black Box Usage:
------------------------------
# BELS                             : 4
#      LUT2                        : 1
#      LUT5                        : 3
# FlipFlops/Latches                : 3
#      LD                          : 3
# IO Buffers                       : 14
#      IBUF                        : 11
#      OBUF                        : 3

Device utilization summary:
---------------------------

Selected Device : 6slx16csg324-3 


Slice Logic Utilization: 
 Number of Slice LUTs:                    4  out of   9112     0%  
    Number used as Logic:                 4  out of   9112     0%  

Slice Logic Distribution: 
 Number of LUT Flip Flop pairs used:      4
   Number with an unused Flip Flop:       4  out of      4   100%  
   Number with an unused LUT:             0  out of      4     0%  
   Number of fully used LUT-FF pairs:     0  out of      4     0%  
   Number of unique control sets:         1

IO Utilization: 
 Number of IOs:                          14
 Number of bonded IOBs:                  14  out of    232     6%  
    IOB Flip Flops/Latches:               3

Specific Feature Utilization:

---------------------------
Partition Resource Summary:
---------------------------

  No Partitions were found in this design.

---------------------------


=========================================================================
Timing Report

NOTE: THESE TIMING NUMBERS ARE ONLY A SYNTHESIS ESTIMATE.
      FOR ACCURATE TIMING INFORMATION PLEASE REFER TO THE TRACE REPORT
      GENERATED AFTER PLACE-and-ROUTE.

Clock Information:
------------------
-------------------------------------------------+------------------------+-------+
Clock Signal                                     | Clock buffer(FF name)  | Load  |
-------------------------------------------------+------------------------+-------+
GND_3_o_GND_3_o_OR_3_o(GND_3_o_GND_3_o_OR_3_o1:O)| NONE(*)(OutPut_0)      | 3     |
-------------------------------------------------+------------------------+-------+
(*) This 1 clock signal(s) are generated by combinatorial logic,
and XST is not able to identify which are the primary clock signals.
Please use the CLOCK_SIGNAL constraint to specify the clock signal(s) generated by combinatorial logic.
INFO:Xst:2169 - HDL ADVISOR - Some clock signals were not automatically buffered by XST with BUFG/BUFR resources. Please use the buffer_type constraint in order to insert these buffers to the clock signals to help prevent skew problems.

Asynchronous Control Signals Information:
----------------------------------------
No asynchronous control signals found in this design

Timing Summary:
---------------
Speed Grade: -3

   Minimum period: No path found
   Minimum input arrival time before clock: 2.490ns
   Maximum output required time after clock: 3.648ns
   Maximum combinational path delay: No path found

Timing Details:
---------------
All values displayed in nanoseconds (ns)

=========================================================================
Timing constraint: Default OFFSET IN BEFORE for Clock 'GND_3_o_GND_3_o_OR_3_o'
  Total number of paths / destination ports: 15 / 3
-------------------------------------------------------------------------
Offset:              2.490ns (Levels of Logic = 2)
  Source:            Sel<1> (PAD)
  Destination:       OutPut_0 (LATCH)
  Destination Clock: GND_3_o_GND_3_o_OR_3_o falling

  Data Path: Sel<1> to OutPut_0
                                Gate     Net
    Cell:in->out      fanout   Delay   Delay  Logical Name (Net Name)
    ----------------------------------------  ------------
     IBUF:I->O             4   1.222   1.028  Sel_1_IBUF (Sel_1_IBUF)
     LUT5:I0->O            1   0.203   0.000  Mmux_OutPut[2]_Input1[0]_MUX_12_o11 (OutPut[2]_Input1[0]_MUX_12_o)
     LD:D                      0.037          OutPut_0
    ----------------------------------------
    Total                      2.490ns (1.462ns logic, 1.028ns route)
                                       (58.7% logic, 41.3% route)

=========================================================================
Timing constraint: Default OFFSET OUT AFTER for Clock 'GND_3_o_GND_3_o_OR_3_o'
  Total number of paths / destination ports: 3 / 3
-------------------------------------------------------------------------
Offset:              3.648ns (Levels of Logic = 1)
  Source:            OutPut_2 (LATCH)
  Destination:       OutPut<2> (PAD)
  Source Clock:      GND_3_o_GND_3_o_OR_3_o falling

  Data Path: OutPut_2 to OutPut<2>
                                Gate     Net
    Cell:in->out      fanout   Delay   Delay  Logical Name (Net Name)
    ----------------------------------------  ------------
     LD:G->Q               1   0.498   0.579  OutPut_2 (OutPut_2)
     OBUF:I->O                 2.571          OutPut_2_OBUF (OutPut<2>)
    ----------------------------------------
    Total                      3.648ns (3.069ns logic, 0.579ns route)
                                       (84.1% logic, 15.9% route)

=========================================================================

Cross Clock Domains Report:
--------------------------

=========================================================================


Total REAL time to Xst completion: 3.00 secs
Total CPU time to Xst completion: 3.31 secs
 
--> 

Total memory usage is 4484892 kilobytes

Number of errors   :    0 (   0 filtered)
Number of warnings :    3 (   0 filtered)
Number of infos    :    1 (   0 filtered)

