Release 14.4 - xst P.49d (nt64)
Copyright (c) 1995-2012 Xilinx, Inc.  All rights reserved.
--> Parameter TMPDIR set to xst/projnav.tmp


Total REAL time to Xst completion: 0.00 secs
Total CPU time to Xst completion: 0.06 secs
 
--> Parameter xsthdpdir set to xst


Total REAL time to Xst completion: 0.00 secs
Total CPU time to Xst completion: 0.06 secs
 
--> Reading design: Register_4Slot_Fifo.prj

TABLE OF CONTENTS
  1) Synthesis Options Summary
  2) HDL Parsing
  3) HDL Elaboration
  4) HDL Synthesis
       4.1) HDL Synthesis Report
  5) Advanced HDL Synthesis
       5.1) Advanced HDL Synthesis Report
  6) Low Level Synthesis
  7) Partition Report
  8) Design Summary
       8.1) Primitive and Black Box Usage
       8.2) Device utilization summary
       8.3) Partition Resource Summary
       8.4) Timing Report
            8.4.1) Clock Information
            8.4.2) Asynchronous Control Signals Information
            8.4.3) Timing Summary
            8.4.4) Timing Details
            8.4.5) Cross Clock Domains Report


=========================================================================
*                      Synthesis Options Summary                        *
=========================================================================
---- Source Parameters
Input File Name                    : "Register_4Slot_Fifo.prj"
Ignore Synthesis Constraint File   : NO

---- Target Parameters
Output File Name                   : "Register_4Slot_Fifo"
Output Format                      : NGC
Target Device                      : xc6slx16-3-csg324

---- Source Options
Top Module Name                    : Register_4Slot_Fifo
Automatic FSM Extraction           : YES
FSM Encoding Algorithm             : Auto
Safe Implementation                : No
FSM Style                          : LUT
RAM Extraction                     : Yes
RAM Style                          : Auto
ROM Extraction                     : Yes
Shift Register Extraction          : YES
ROM Style                          : Auto
Resource Sharing                   : YES
Asynchronous To Synchronous        : NO
Shift Register Minimum Size        : 2
Use DSP Block                      : Auto
Automatic Register Balancing       : No

---- Target Options
LUT Combining                      : Auto
Reduce Control Sets                : Auto
Add IO Buffers                     : YES
Global Maximum Fanout              : 100000
Add Generic Clock Buffer(BUFG)     : 16
Register Duplication               : YES
Optimize Instantiated Primitives   : NO
Use Clock Enable                   : Auto
Use Synchronous Set                : Auto
Use Synchronous Reset              : Auto
Pack IO Registers into IOBs        : Auto
Equivalent register Removal        : YES

---- General Options
Optimization Goal                  : Speed
Optimization Effort                : 1
Power Reduction                    : NO
Keep Hierarchy                     : No
Netlist Hierarchy                  : As_Optimized
RTL Output                         : Yes
Global Optimization                : AllClockNets
Read Cores                         : YES
Write Timing Constraints           : NO
Cross Clock Analysis               : NO
Hierarchy Separator                : /
Bus Delimiter                      : <>
Case Specifier                     : Maintain
Slice Utilization Ratio            : 100
BRAM Utilization Ratio             : 100
DSP48 Utilization Ratio            : 100
Auto BRAM Packing                  : NO
Slice Utilization Ratio Delta      : 5

=========================================================================


=========================================================================
*                          HDL Parsing                                  *
=========================================================================
Parsing VHDL file "E:\CPU\RTL\PANZER16\Register_16Bit.vhd" into library work
Parsing entity <Register_16Bit>.
Parsing architecture <RegisterArch> of entity <register_16bit>.
Parsing VHDL file "E:\CPU\RTL\PANZER16\Mux16-2.vhd" into library work
Parsing entity <Mux16_2>.
Parsing architecture <MuxArch> of entity <mux16_2>.
Parsing VHDL file "E:\CPU\RTL\PANZER16\Register_4Slot_Fifo.vhd" into library work
Parsing entity <Register_4Slot_Fifo>.
Parsing architecture <RegisterFifoArch> of entity <register_4slot_fifo>.

=========================================================================
*                            HDL Elaboration                            *
=========================================================================

Elaborating entity <Register_4Slot_Fifo> (architecture <RegisterFifoArch>) from library <work>.

Elaborating entity <Register_16Bit> (architecture <RegisterArch>) from library <work>.

Elaborating entity <Mux16_2> (architecture <MuxArch>) from library <work>.

=========================================================================
*                           HDL Synthesis                               *
=========================================================================

Synthesizing Unit <Register_4Slot_Fifo>.
    Related source file is "E:\CPU\RTL\PANZER16\Register_4Slot_Fifo.vhd".
    Found 3-bit register for signal <DataCounter>.
    Found 3-bit register for signal <MuxSelect>.
    Found 4-bit register for signal <RegSelect>.
    Found 1-bit register for signal <Empty>.
    Found 1-bit register for signal <Full>.
    Found 3-bit adder for signal <DataCounter[2]_GND_4_o_add_3_OUT> created at line 1241.
    Found 3-bit subtractor for signal <GND_4_o_GND_4_o_sub_1_OUT<2:0>> created at line 1308.
    Found 8x4-bit Read Only RAM for signal <DataCounter[2]_GND_4_o_wide_mux_1_OUT>
    Summary:
	inferred   1 RAM(s).
	inferred   1 Adder/Subtractor(s).
	inferred  12 D-type flip-flop(s).
	inferred   2 Multiplexer(s).
Unit <Register_4Slot_Fifo> synthesized.

Synthesizing Unit <Register_16Bit>.
    Related source file is "E:\CPU\RTL\PANZER16\Register_16Bit.vhd".
    Found 16-bit register for signal <dout>.
    Summary:
	inferred  16 D-type flip-flop(s).
Unit <Register_16Bit> synthesized.

Synthesizing Unit <Mux16_2>.
    Related source file is "E:\CPU\RTL\PANZER16\Mux16-2.vhd".
    Summary:
	inferred   1 Multiplexer(s).
Unit <Mux16_2> synthesized.

=========================================================================
HDL Synthesis Report

Macro Statistics
# RAMs                                                 : 1
 8x4-bit single-port Read Only RAM                     : 1
# Adders/Subtractors                                   : 1
 3-bit addsub                                          : 1
# Registers                                            : 9
 1-bit register                                        : 2
 16-bit register                                       : 4
 3-bit register                                        : 2
 4-bit register                                        : 1
# Multiplexers                                         : 5
 16-bit 2-to-1 multiplexer                             : 3
 3-bit 2-to-1 multiplexer                              : 2

=========================================================================

=========================================================================
*                       Advanced HDL Synthesis                          *
=========================================================================


Synthesizing (advanced) Unit <Register_4Slot_Fifo>.
The following registers are absorbed into counter <DataCounter>: 1 register on signal <DataCounter>.
INFO:Xst:3213 - HDL ADVISOR - Characteristics of the register <RegSelect> prevent it from being combined with the RAM <Mram_DataCounter[2]_GND_4_o_wide_mux_1_OUT> for implementation as read-only block RAM.
    -----------------------------------------------------------------------
    | ram_type           | Distributed                         |          |
    -----------------------------------------------------------------------
    | Port A                                                              |
    |     aspect ratio   | 8-word x 4-bit                      |          |
    |     weA            | connected to signal <GND>           | high     |
    |     addrA          | connected to signal <DataCounter>   |          |
    |     diA            | connected to signal <GND>           |          |
    |     doA            | connected to internal node          |          |
    -----------------------------------------------------------------------
Unit <Register_4Slot_Fifo> synthesized (advanced).

=========================================================================
Advanced HDL Synthesis Report

Macro Statistics
# RAMs                                                 : 1
 8x4-bit single-port distributed Read Only RAM         : 1
# Counters                                             : 1
 3-bit updown counter                                  : 1
# Registers                                            : 73
 Flip-Flops                                            : 73
# Multiplexers                                         : 5
 16-bit 2-to-1 multiplexer                             : 3
 3-bit 2-to-1 multiplexer                              : 2

=========================================================================

=========================================================================
*                         Low Level Synthesis                           *
=========================================================================

Optimizing unit <Register_16Bit> ...

Optimizing unit <Register_4Slot_Fifo> ...

Mapping all equations...
Building and optimizing final netlist ...
Found area constraint ratio of 100 (+ 5) on block Register_4Slot_Fifo, actual ratio is 1.

Final Macro Processing ...

=========================================================================
Final Register Report

Macro Statistics
# Registers                                            : 76
 Flip-Flops                                            : 76

=========================================================================

=========================================================================
*                           Partition Report                            *
=========================================================================

Partition Implementation Status
-------------------------------

  No Partitions were found in this design.

-------------------------------

=========================================================================
*                            Design Summary                             *
=========================================================================

Top Level Output File Name         : Register_4Slot_Fifo.ngc

Primitive and Black Box Usage:
------------------------------
# BELS                             : 63
#      INV                         : 1
#      LUT2                        : 1
#      LUT3                        : 51
#      LUT4                        : 1
#      LUT5                        : 2
#      LUT6                        : 7
# FlipFlops/Latches                : 76
#      FD                          : 2
#      FDCE                        : 67
#      FDR                         : 7
# Clock Buffers                    : 1
#      BUFGP                       : 1
# IO Buffers                       : 37
#      IBUF                        : 19
#      OBUF                        : 18

Device utilization summary:
---------------------------

Selected Device : 6slx16csg324-3 


Slice Logic Utilization: 
 Number of Slice Registers:              76  out of  18224     0%  
 Number of Slice LUTs:                   63  out of   9112     0%  
    Number used as Logic:                63  out of   9112     0%  

Slice Logic Distribution: 
 Number of LUT Flip Flop pairs used:     78
   Number with an unused Flip Flop:       2  out of     78     2%  
   Number with an unused LUT:            15  out of     78    19%  
   Number of fully used LUT-FF pairs:    61  out of     78    78%  
   Number of unique control sets:         8

IO Utilization: 
 Number of IOs:                          38
 Number of bonded IOBs:                  38  out of    232    16%  

Specific Feature Utilization:
 Number of BUFG/BUFGCTRLs:                1  out of     16     6%  

---------------------------
Partition Resource Summary:
---------------------------

  No Partitions were found in this design.

---------------------------


=========================================================================
Timing Report

NOTE: THESE TIMING NUMBERS ARE ONLY A SYNTHESIS ESTIMATE.
      FOR ACCURATE TIMING INFORMATION PLEASE REFER TO THE TRACE REPORT
      GENERATED AFTER PLACE-and-ROUTE.

Clock Information:
------------------
-----------------------------------+------------------------+-------+
Clock Signal                       | Clock buffer(FF name)  | Load  |
-----------------------------------+------------------------+-------+
Clk                                | BUFGP                  | 76    |
-----------------------------------+------------------------+-------+

Asynchronous Control Signals Information:
----------------------------------------
No asynchronous control signals found in this design

Timing Summary:
---------------
Speed Grade: -3

   Minimum period: 2.242ns (Maximum Frequency: 446.100MHz)
   Minimum input arrival time before clock: 4.500ns
   Maximum output required time after clock: 3.634ns
   Maximum combinational path delay: No path found

Timing Details:
---------------
All values displayed in nanoseconds (ns)

=========================================================================
Timing constraint: Default period analysis for Clock 'Clk'
  Clock period: 2.242ns (frequency: 446.100MHz)
  Total number of paths / destination ports: 202 / 124
-------------------------------------------------------------------------
Delay:               2.242ns (Levels of Logic = 1)
  Source:            DataCounter_0 (FF)
  Destination:       DataCounter_0 (FF)
  Source Clock:      Clk rising
  Destination Clock: Clk rising

  Data Path: DataCounter_0 to DataCounter_0
                                Gate     Net
    Cell:in->out      fanout   Delay   Delay  Logical Name (Net Name)
    ----------------------------------------  ------------
     FDCE:C->Q            12   0.447   0.908  DataCounter_0 (DataCounter_0)
     INV:I->O              1   0.206   0.579  Result<0>1_INV_0 (Result<0>)
     FDCE:D                    0.102          DataCounter_0
    ----------------------------------------
    Total                      2.242ns (0.755ns logic, 1.487ns route)
                                       (33.7% logic, 66.3% route)

=========================================================================
Timing constraint: Default OFFSET IN BEFORE for Clock 'Clk'
  Total number of paths / destination ports: 176 / 152
-------------------------------------------------------------------------
Offset:              4.500ns (Levels of Logic = 2)
  Source:            Rst (PAD)
  Destination:       RegSelect_0 (FF)
  Destination Clock: Clk rising

  Data Path: Rst to RegSelect_0
                                Gate     Net
    Cell:in->out      fanout   Delay   Delay  Logical Name (Net Name)
    ----------------------------------------  ------------
     IBUF:I->O            78   1.222   1.961  Rst_IBUF (Rst_IBUF)
     LUT3:I0->O            4   0.205   0.683  _n00561 (_n0056)
     FDR:R                     0.430          RegSelect_0
    ----------------------------------------
    Total                      4.500ns (1.857ns logic, 2.643ns route)
                                       (41.3% logic, 58.7% route)

=========================================================================
Timing constraint: Default OFFSET OUT AFTER for Clock 'Clk'
  Total number of paths / destination ports: 18 / 18
-------------------------------------------------------------------------
Offset:              3.634ns (Levels of Logic = 1)
  Source:            Empty (FF)
  Destination:       Empty (PAD)
  Source Clock:      Clk rising

  Data Path: Empty to Empty
                                Gate     Net
    Cell:in->out      fanout   Delay   Delay  Logical Name (Net Name)
    ----------------------------------------  ------------
     FD:C->Q               2   0.447   0.616  Empty (Empty_OBUF)
     OBUF:I->O                 2.571          Empty_OBUF (Empty)
    ----------------------------------------
    Total                      3.634ns (3.018ns logic, 0.616ns route)
                                       (83.0% logic, 17.0% route)

=========================================================================

Cross Clock Domains Report:
--------------------------

Clock to Setup on destination clock Clk
---------------+---------+---------+---------+---------+
               | Src:Rise| Src:Fall| Src:Rise| Src:Fall|
Source Clock   |Dest:Rise|Dest:Rise|Dest:Fall|Dest:Fall|
---------------+---------+---------+---------+---------+
Clk            |    2.242|         |         |         |
---------------+---------+---------+---------+---------+

=========================================================================


Total REAL time to Xst completion: 3.00 secs
Total CPU time to Xst completion: 2.95 secs
 
--> 

Total memory usage is 4500324 kilobytes

Number of errors   :    0 (   0 filtered)
Number of warnings :    0 (   0 filtered)
Number of infos    :    1 (   0 filtered)

