Release 14.4 - xst P.49d (nt64)
Copyright (c) 1995-2012 Xilinx, Inc.  All rights reserved.
--> Parameter TMPDIR set to xst/projnav.tmp


Total REAL time to Xst completion: 0.00 secs
Total CPU time to Xst completion: 0.07 secs
 
--> Parameter xsthdpdir set to xst


Total REAL time to Xst completion: 0.00 secs
Total CPU time to Xst completion: 0.07 secs
 
--> Reading design: RegisterBank.prj

TABLE OF CONTENTS
  1) Synthesis Options Summary
  2) HDL Parsing
  3) HDL Elaboration
  4) HDL Synthesis
       4.1) HDL Synthesis Report
  5) Advanced HDL Synthesis
       5.1) Advanced HDL Synthesis Report
  6) Low Level Synthesis
  7) Partition Report
  8) Design Summary
       8.1) Primitive and Black Box Usage
       8.2) Device utilization summary
       8.3) Partition Resource Summary
       8.4) Timing Report
            8.4.1) Clock Information
            8.4.2) Asynchronous Control Signals Information
            8.4.3) Timing Summary
            8.4.4) Timing Details
            8.4.5) Cross Clock Domains Report


=========================================================================
*                      Synthesis Options Summary                        *
=========================================================================
---- Source Parameters
Input File Name                    : "RegisterBank.prj"
Ignore Synthesis Constraint File   : NO

---- Target Parameters
Output File Name                   : "RegisterBank"
Output Format                      : NGC
Target Device                      : xc6slx16-3-csg324

---- Source Options
Top Module Name                    : RegisterBank
Automatic FSM Extraction           : YES
FSM Encoding Algorithm             : Auto
Safe Implementation                : No
FSM Style                          : LUT
RAM Extraction                     : Yes
RAM Style                          : Auto
ROM Extraction                     : Yes
Shift Register Extraction          : YES
ROM Style                          : Auto
Resource Sharing                   : YES
Asynchronous To Synchronous        : NO
Shift Register Minimum Size        : 2
Use DSP Block                      : Auto
Automatic Register Balancing       : No

---- Target Options
LUT Combining                      : Auto
Reduce Control Sets                : Auto
Add IO Buffers                     : YES
Global Maximum Fanout              : 100000
Add Generic Clock Buffer(BUFG)     : 16
Register Duplication               : YES
Optimize Instantiated Primitives   : NO
Use Clock Enable                   : Auto
Use Synchronous Set                : Auto
Use Synchronous Reset              : Auto
Pack IO Registers into IOBs        : Auto
Equivalent register Removal        : YES

---- General Options
Optimization Goal                  : Speed
Optimization Effort                : 1
Power Reduction                    : NO
Keep Hierarchy                     : No
Netlist Hierarchy                  : As_Optimized
RTL Output                         : Yes
Global Optimization                : AllClockNets
Read Cores                         : YES
Write Timing Constraints           : NO
Cross Clock Analysis               : NO
Hierarchy Separator                : /
Bus Delimiter                      : <>
Case Specifier                     : Maintain
Slice Utilization Ratio            : 100
BRAM Utilization Ratio             : 100
DSP48 Utilization Ratio            : 100
Auto BRAM Packing                  : NO
Slice Utilization Ratio Delta      : 5

---- Other Options
Cores Search Directories           : {"ipcore_dir"  }

=========================================================================


=========================================================================
*                          HDL Parsing                                  *
=========================================================================
Parsing VHDL file "E:\CPU\RTL\PANZER16\Register_16Bit.vhd" into library work
Parsing entity <Register_16Bit>.
Parsing architecture <RegisterArch> of entity <register_16bit>.
Parsing VHDL file "E:\CPU\RTL\PANZER16\Mux16_8.vhd" into library work
Parsing entity <Mux16_8>.
Parsing architecture <Behavioral> of entity <mux16_8>.
Parsing VHDL file "E:\CPU\RTL\PANZER16\DeMux1_8.vhd" into library work
Parsing entity <DeMux1_8>.
Parsing architecture <Behavioral> of entity <demux1_8>.
Parsing VHDL file "E:\CPU\RTL\PANZER16\RegisterBank.vhd" into library work
Parsing entity <RegisterBank>.
Parsing architecture <Behavioral> of entity <registerbank>.

=========================================================================
*                            HDL Elaboration                            *
=========================================================================

Elaborating entity <RegisterBank> (architecture <Behavioral>) from library <work>.

Elaborating entity <DeMux1_8> (architecture <Behavioral>) from library <work>.

Elaborating entity <Mux16_8> (architecture <Behavioral>) from library <work>.

Elaborating entity <Register_16Bit> (architecture <RegisterArch>) from library <work>.

=========================================================================
*                           HDL Synthesis                               *
=========================================================================

Synthesizing Unit <RegisterBank>.
    Related source file is "E:\CPU\RTL\PANZER16\RegisterBank.vhd".
    Summary:
	no macro.
Unit <RegisterBank> synthesized.

Synthesizing Unit <DeMux1_8>.
    Related source file is "E:\CPU\RTL\PANZER16\DeMux1_8.vhd".
    Summary:
	inferred   8 Multiplexer(s).
Unit <DeMux1_8> synthesized.

Synthesizing Unit <Mux16_8>.
    Related source file is "E:\CPU\RTL\PANZER16\Mux16_8.vhd".
    Found 16-bit 8-to-1 multiplexer for signal <Output> created at line 32.
    Summary:
	inferred   1 Multiplexer(s).
Unit <Mux16_8> synthesized.

Synthesizing Unit <Register_16Bit>.
    Related source file is "E:\CPU\RTL\PANZER16\Register_16Bit.vhd".
    Found 16-bit register for signal <dout>.
    Summary:
	inferred  16 D-type flip-flop(s).
Unit <Register_16Bit> synthesized.

=========================================================================
HDL Synthesis Report

Macro Statistics
# Registers                                            : 8
 16-bit register                                       : 8
# Multiplexers                                         : 9
 1-bit 2-to-1 multiplexer                              : 8
 16-bit 8-to-1 multiplexer                             : 1

=========================================================================

=========================================================================
*                       Advanced HDL Synthesis                          *
=========================================================================


=========================================================================
Advanced HDL Synthesis Report

Macro Statistics
# Registers                                            : 128
 Flip-Flops                                            : 128
# Multiplexers                                         : 9
 1-bit 2-to-1 multiplexer                              : 8
 16-bit 8-to-1 multiplexer                             : 1

=========================================================================

=========================================================================
*                         Low Level Synthesis                           *
=========================================================================

Optimizing unit <RegisterBank> ...

Mapping all equations...
Building and optimizing final netlist ...
Found area constraint ratio of 100 (+ 5) on block RegisterBank, actual ratio is 2.

Final Macro Processing ...

=========================================================================
Final Register Report

Macro Statistics
# Registers                                            : 128
 Flip-Flops                                            : 128

=========================================================================

=========================================================================
*                           Partition Report                            *
=========================================================================

Partition Implementation Status
-------------------------------

  No Partitions were found in this design.

-------------------------------

=========================================================================
*                            Design Summary                             *
=========================================================================

Top Level Output File Name         : RegisterBank.ngc

Primitive and Black Box Usage:
------------------------------
# BELS                             : 56
#      LUT4                        : 8
#      LUT6                        : 32
#      MUXF7                       : 16
# FlipFlops/Latches                : 128
#      FDCE                        : 128
# Clock Buffers                    : 1
#      BUFGP                       : 1
# IO Buffers                       : 37
#      IBUF                        : 21
#      OBUF                        : 16

Device utilization summary:
---------------------------

Selected Device : 6slx16csg324-3 


Slice Logic Utilization: 
 Number of Slice Registers:             128  out of  18224     0%  
 Number of Slice LUTs:                   40  out of   9112     0%  
    Number used as Logic:                40  out of   9112     0%  

Slice Logic Distribution: 
 Number of LUT Flip Flop pairs used:    148
   Number with an unused Flip Flop:      20  out of    148    13%  
   Number with an unused LUT:           108  out of    148    72%  
   Number of fully used LUT-FF pairs:    20  out of    148    13%  
   Number of unique control sets:         8

IO Utilization: 
 Number of IOs:                          38
 Number of bonded IOBs:                  38  out of    232    16%  

Specific Feature Utilization:
 Number of BUFG/BUFGCTRLs:                1  out of     16     6%  

---------------------------
Partition Resource Summary:
---------------------------

  No Partitions were found in this design.

---------------------------


=========================================================================
Timing Report

NOTE: THESE TIMING NUMBERS ARE ONLY A SYNTHESIS ESTIMATE.
      FOR ACCURATE TIMING INFORMATION PLEASE REFER TO THE TRACE REPORT
      GENERATED AFTER PLACE-and-ROUTE.

Clock Information:
------------------
-----------------------------------+------------------------+-------+
Clock Signal                       | Clock buffer(FF name)  | Load  |
-----------------------------------+------------------------+-------+
Clk                                | BUFGP                  | 128   |
-----------------------------------+------------------------+-------+

Asynchronous Control Signals Information:
----------------------------------------
No asynchronous control signals found in this design

Timing Summary:
---------------
Speed Grade: -3

   Minimum period: No path found
   Minimum input arrival time before clock: 4.404ns
   Maximum output required time after clock: 4.767ns
   Maximum combinational path delay: 6.485ns

Timing Details:
---------------
All values displayed in nanoseconds (ns)

=========================================================================
Timing constraint: Default OFFSET IN BEFORE for Clock 'Clk'
  Total number of paths / destination ports: 768 / 384
-------------------------------------------------------------------------
Offset:              4.404ns (Levels of Logic = 2)
  Source:            Sel<1> (PAD)
  Destination:       gen_label[6].R/dout_15 (FF)
  Destination Clock: Clk rising

  Data Path: Sel<1> to gen_label[6].R/dout_15
                                Gate     Net
    Cell:in->out      fanout   Delay   Delay  Logical Name (Net Name)
    ----------------------------------------  ------------
     IBUF:I->O            40   1.222   1.653  Sel_1_IBUF (Sel_1_IBUF)
     LUT4:I0->O           16   0.203   1.004  Dmux/Mmux_Outputs<6>11 (SelectSignals<6>)
     FDCE:CE                   0.322          gen_label[6].R/dout_0
    ----------------------------------------
    Total                      4.404ns (1.747ns logic, 2.657ns route)
                                       (39.7% logic, 60.3% route)

=========================================================================
Timing constraint: Default OFFSET OUT AFTER for Clock 'Clk'
  Total number of paths / destination ports: 128 / 16
-------------------------------------------------------------------------
Offset:              4.767ns (Levels of Logic = 3)
  Source:            gen_label[6].R/dout_15 (FF)
  Destination:       DataOut<15> (PAD)
  Source Clock:      Clk rising

  Data Path: gen_label[6].R/dout_15 to DataOut<15>
                                Gate     Net
    Cell:in->out      fanout   Delay   Delay  Logical Name (Net Name)
    ----------------------------------------  ------------
     FDCE:C->Q             1   0.447   0.827  gen_label[6].R/dout_15 (gen_label[6].R/dout_15)
     LUT6:I2->O            1   0.203   0.000  Mux/Mmux_Output_36 (Mux/Mmux_Output_36)
     MUXF7:I1->O           1   0.140   0.579  Mux/Mmux_Output_2_f7_5 (DataOut_15_OBUF)
     OBUF:I->O                 2.571          DataOut_15_OBUF (DataOut<15>)
    ----------------------------------------
    Total                      4.767ns (3.361ns logic, 1.406ns route)
                                       (70.5% logic, 29.5% route)

=========================================================================
Timing constraint: Default path analysis
  Total number of paths / destination ports: 80 / 16
-------------------------------------------------------------------------
Delay:               6.485ns (Levels of Logic = 4)
  Source:            Sel<1> (PAD)
  Destination:       DataOut<15> (PAD)

  Data Path: Sel<1> to DataOut<15>
                                Gate     Net
    Cell:in->out      fanout   Delay   Delay  Logical Name (Net Name)
    ----------------------------------------  ------------
     IBUF:I->O            40   1.222   1.770  Sel_1_IBUF (Sel_1_IBUF)
     LUT6:I0->O            1   0.203   0.000  Mux/Mmux_Output_3 (Mux/Mmux_Output_3)
     MUXF7:I1->O           1   0.140   0.579  Mux/Mmux_Output_2_f7 (DataOut_0_OBUF)
     OBUF:I->O                 2.571          DataOut_0_OBUF (DataOut<0>)
    ----------------------------------------
    Total                      6.485ns (4.136ns logic, 2.349ns route)
                                       (63.8% logic, 36.2% route)

=========================================================================

Cross Clock Domains Report:
--------------------------

=========================================================================


Total REAL time to Xst completion: 4.00 secs
Total CPU time to Xst completion: 3.84 secs
 
--> 

Total memory usage is 4501084 kilobytes

Number of errors   :    0 (   0 filtered)
Number of warnings :    0 (   0 filtered)
Number of infos    :    0 (   0 filtered)

